2174, 1383007666, 1383007784, 118, Test of the neutron flux with all tubes , , , , , , , , 
2175, 1383007854, 1383007875, 21, Test of the neutron flux with all tubes , , , , , , , , 
2176, 1383008161, 1383008183, 22, Test of the neutron flux with all tubes , , , , , , , , 
2177, 1383008290, 1383008393, 103, Test of the neutron flux with all tubes , , , , , , , , 
2178, 1383008908, 1383009144, 236, Testing Ar/Eth 1 , , , , , , , , 
2179, 1383009352, 1383009533, 181, Testing Ar/Eth 1 , , , , , , , , 
2180, 1383009595, 1383009754, 159, Testing Ar/Eth 2 , , , , , , , , 
2181, 1383009813, 1383009931, 118, Testing Ar/Eth 2 , , , , , , , , 
2182, 1383009937, 1383010047, 110, Testing Ar/Eth 2 , , , , , , , , 
2183, 1383010078, 1383010149, 71, Testing Ar/Eth 2 , , , , , , , , 
2184, 1383010201, 1383010276, 75, Testing Ar/Eth 1 , , , , , , , , 
2185, 1383010348, 1383010415, 67, Testing Ar/Eth 3 , , , , , , , , 
2186, 1383010425, 1383010504, 79, Testing Ar/Eth 3 , , , , , , , , 
2187, 1383010539, 1383010672, 133, Testing Ar/Eth 4 , , , , , , , , 
2188, 1383010681, 1383010704, 23, Testing Ar/Eth 4 , , , , , , , , 
2189, 1383010755, 1383010781, 26, Testing Ar/Eth 5 , , , , , , , , 
2190, 1383010840, 1383010851, 11, spectra gas gain matching , , , , , , , , 
2191, 1383010885, 1383010922, 37, spectra gas gain matching , , , , , , , , 
2192, 1383011080, 1383011090, 10, Testing all tubes , , , , , , , , 
2193, 1383011123, 1383011135, 12, Testing all tubes , , , , , , , , 
2194, 1383011242, 1383018364, 7122, Testing all tubes , , , , , , , , 
2195, 1383019278, 1383019423, 145, Background of all tubes , , , , , , , , 
2197, 1383020748, 1383022680, 1932, Background of all tubes , , , , , , , , 
2200, 1383025154, 1383026150, 996, Background after colimated run , , , , , , , , 
2202, 1383027589, 1383028856, 1267, 0.25 x 0.4 y with all tubes , , , , , , , , 
2203, 1383029419, 1383030706, 1287, 0.25 x 0.4 y with all tubes (spectra gas on table) , , , , , , , , 
2205, 1383031159, 1383031186, 27, 0.25 x 0.4 y with spectra in front and 1 in back , , , , , , , , 
2207, 1383031302, 1383064272, 32970, 0.25 x 0.4 y with spectra in front and 1 in back , , , , , , , , 
2208, 1383066138, 1383068002, 1864, 0.25 x 0.4 y closing shutters after 5minutes , , , , , , , , 
2209, 1383068236, 1383068252, 16, shutter closed Cs137 on spectra gas , , , , , , , , 
2211, 1383068339, 1383068371, 32, shutter closed Cs137 on spectra gas , , , , , , , , 
2213, 1383068427, 1383069683, 1256, shutter closed Cs137 on spectra gas , , , , , , , , 
2214, 1383070621, 1383070647, 26, shutter closed Cs137 on tube 1 , , , , , , , , 
2216, 1383070710, 1383071297, 587, shutter closed Cs137 on tube 1 , , , , , , , , 
2217, 1383076924, 1383077982, 1058, Source Voltage scan 1700 Ar-Et1 and CO2 , , , , , , , , 
2218, 1383078432, 1383078716, 284, Sealed Source Voltage scan 1800 Ar-Et1 and Spectra7 , , , , , , , , 
2219, 1383078872, 1383079060, 188, Sealed Source Voltage scan 1900 Ar-Et1 and Spectra7 , , , , , , , , 
2220, 1383079258, 1383079464, 206, Sealed Source Voltage scan 2000 Ar-Et1 and Spectra7 , , , , , , , , 
2221, 1383080228, 1383080518, 290, Sealed Source Voltage scan 2250 Ar-Et1 and Spectra7 , , , , , , , , 
2222, 1383080721, 1383081135, 414, Sealed Source Voltage scan 2300 Ar-Et1 and Spectra7 , , , , , , , , 
2223, 1383081225, 1383081269, 44, Sealed Source Voltage scan 2350 Ar-Et1 and Spectra7 , , , , , , , , 
2224, 1383081322, 1383081343, 21, Sealed Source Voltage scan 2350 Ar-Et1 and Spectra7 , , , , , , , , 
2225, 1383081486, 1383081621, 135, Sealed Source Voltage scan 2350 Ar-Et1 and Spectra7 , , , , , , , , 
2226, 1383081637, 1383081826, 189, Sealed Source Voltage scan 2350 Ar-Et1 and Spectra7 , , , , , , , , 
2227, 1383082032, 1383082243, 211, Double Check Sealed Source Voltage scan 2300 Ar-Et1 and Spectra7 , , , , , , , , 
2228, 1383082366, 1383082440, 74, Double Check Sealed Source Voltage scan 2350 Ar-Et1 and Spectra7 , , , , , , , , 
2229, 1383082551, 1383082642, 91, No Source Voltage scan 2350 Ar-Et1 and Spectra7 , , , , , , , , 
2230, 1383082742, 1383082912, 170, No Source Voltage scan 2350 Ar-Et2 and Spectra7 , , , , , , , , 
2231, 1383083153, 1383083355, 202, Sealed Source Voltage scan 2400 Ar-Et1 and Spectra7 , , , , , , , , 
2232, 1383083435, 1383083444, 9, Sealed Source Voltage scan 2450 Ar-Et1 and Spectra7 , , , , , , , , 
2233, 1383083498, 1383083682, 184, Sealed Source Voltage scan 2450 Ar-Et1 and Spectra7 , , , , , , , , 
2234, 1383083754, 1383083778, 24, No Source Voltage scan 2450 Ar-Et1 and Spectra7 , , , , , , , , 
2235, 1383083785, 1383083997, 212, No Source Voltage scan 2450 Ar-Et1 and Spectra7 , , , , , , , , 
2236, 1383084110, 1383084275, 165, Sealed Source Voltage scan 2500 Ar-Et1 and Spectra7 , , , , , , , , 
2237, 1383084356, 1383084441, 85, Sealed Source Voltage scan 2550 Ar-Et1 and Spectra7 , , , , , , , , 
2239, 1383084615, 1383084671, 56, Sealed Source Voltage scan 2600 Ar-Et1 and Spectra7 , , , , , , , , 
2240, 1383084865, 1383084913, 48, Sealed Source Voltage scan 2600 Ar-Et1 and Spectra7 , , , , , , , , 
2241, 1383085065, 1383085139, 74, Sealed Source Voltage scan 2700 Ar-Et1 and Spectra7 , , , , , , , , 
2242, 1383087903, 1383088000, 97, Sealed Source Voltage scan 2700 Spectra7 , , , , , , , , 
2243, 1383090758, 1383091410, 652, Spectra7 1/2 inch collimator , , , , , , , , 
2244, 1383091465, 1383091980, 515, Spectra7 1/2 inch collimator 2750V , , , , , , , , 
2245, 1383092094, 1383093054, 960, Spectra7 1/2 inch collimator 2750V , , , , , , , , 
2246, 1383093108, 1383094719, 1611, Spectra7 1/2 inch collimator 2800V , , , , , , , , 
2247, 1383094839, 1383095967, 1128, Spectra7 1/2 inch collimator 2800V after ramp , , , , , , , , 
2248, 1383096080, 1383097037, 957, Spectra7 1/2 inch collimator 2600V , , , , , , , , 
2250, 1383097779, 1383102719, 4940, Ar/Ethane 1/2 inch collimator 2400V , , , , , , , , 
2251, 1383102878, 1383103635, 757, Ar/Ethane 1/2 inch collimator 2400V x20 gain , , , , , , , , 
2252, 1383103788, 1383104785, 997, Ar/Ethane 1/2 inch collimator 2500V , , , , , , , , 
2253, 1383105532, 1383106567, 1035, Ar/Ethane 1/2 inch collimator 2600V , , , , , , , , 
2254, 1383107081, 1383107993, 912, Ar/Ethane 1/2 inch collimator 2200V , , , , , , , , 
2255, 1383108230, 1383108838, 608, Ar/Ethane 1/2 inch collimator 2200V , , , , , , , , 
2257, 1383110711, 1383114371, 3660, Ar/Ethane 1/2 inch collimator 2100V long , , , , , , , , 
2258, 1383114475, 1383115181, 706, Ar/Ethane 1/2 inch collimator 2100V background , , , , , , , , 
2260, 1383115326, 1383116428, 1102, Ar/Ethane cs137 source , , , , , , , , 
2261, 1383119067, 1383119083, 16, Spectra 1/2 inch collimator 2500V x , , , , , , , , 
2262, 1383119221, 1383119254, 33, Spectra 1/2 inch collimator 2500V x , , , , , , , , 
2263, 1383119351, 1383119516, 165, Spectra 1/2 inch collimator 2500V x , , , , , , , , 
2264, 1383119542, 1383119556, 14, Spectra 1/2 inch collimator 2500V x , , , , , , , , 
2265, 1383119711, 1383119787, 76, Spectra 1/2 inch collimator 2500V x , , , , , , , , 
2266, 1383119938, 1383120029, 91, Spectra 1/2 inch collimator 2400V x , , , , , , , , 
2267, 1383120138, 1383120455, 317, Spectra 1/2 inch collimator 2300V x , , , , , , , , 
2268, 1383120495, 1383120518, 23, Spectra 1/2 inch collimator 2200V x , , , , , , , , 
2270, 1383149006, 1383150196, 1190, Spectra 1/2 inch collimator 2200V x 137cs calib , , , , , , , , 
2271, 1383160595, 1383160639, 44, Spectra 1/2 inch collimator 2200V x 137cs calib , , , , , , , , 
2272, 1383160671, 1383160729, 58, test of sipm array , , , , , , , , 
2273, 1383160756, 1383161156, 400, test of sipm array , , , , , , , , 
2274, 1383161184, 1383161281, 97, test of sipm array , , , , , , , , 
2275, 1383161343, 1383161416, 73, test of sipm array , , , , , , , , 
2276, 1383161452, 1383161615, 163, test of sipm array , , , , , , , , 
2277, 1383161699, 1383161829, 130, test of sipm array thresholds to 250 , , , , , , , , 
2278, 1383162036, 1383162383, 347, test of sipm array thresholds to 250 , , , , , , , , 
2279, 1383162433, 1383162454, 21, test of sipm array thresholds to 250 , , , , , , , , 
2280, 1383162533, 1383162657, 124, test of sipm array in beam , , , , , , , , 
2281, 1383162855, 1383163112, 257, test of sipm array in beam , , , , , , , , 
2283, 1383163326, 1383163438, 112, test of sipm array in beam , , , , , , , , 
2284, 1383163474, 1383163497, 23, test of sipm array in beam , , , , , , , , 
2285, 1383163560, 1383163738, 178, test of sipm 1 in beam , , , , , , , , 
2286, 1383163786, 1383163820, 34, test of sipm 2 in beam , , , , , , , , 
2287, 1383163847, 1383163899, 52, test of sipm 3 in beam , , , , , , , , 
2288, 1383163952, 1383163981, 29, test of sipm 4 in beam , , , , , , , , 
2289, 1383164032, 1383164119, 87, test of sipm 5 in beam , , , , , , , , 
2290, 1383164156, 1383164190, 34, test of sipm 6 in beam , , , , , , , , 
2291, 1383164225, 1383164258, 33, test of sipm 7 in beam , , , , , , , , 
2292, 1383164388, 1383164793, 405, test of all sipm background after exposure , , , , , , , , 
2293, 1383164913, 1383164920, 7, test of all sipm in beam , , , , , , , , 
2294, 1383164985, 1383167232, 2247, test of all sipm in beam , , , , , , , , 
2295, 1383167353, 1383171839, 4486, test of all sipm in beam , , , , , , , , 
2296, 1383172073, 1383172473, 400, test of all sipm Background after 1 hour exposure 1cm collimator , , , , , , , , 
2297, 1383173274, 1383174206, 932, scintallator array at 45 degree angle ns , , , , , , , , 
2298, 1383174802, 1383176174, 1372, scintallator array at 22.5 degree angle ns , , , , , , , , 
2300, 1383176937, 1383177871, 934, test of the shutter reduction , , , , , , , , 
2301, 1383177994, 1383178020, 26, x = 2.022 y = 0.302 sipm array , , , , , , , , 
2302, 1383178028, 1383178989, 961, x = 2.022 y = 0.302 sipm array , , , , , , , , 
2303, 1383181652, 1383181706, 54, sipm array spectra with 137 cs 2500 V , , , , , , , , 
2304, 1383181818, 1383181923, 105, sipm array spectra with 137 cs 2500 V , , , , , , , , 
2305, 1383182326, 1383189929, 7603, sipm array spectra with 137 cs 2500 V , , , , , , , , 
2306, 1383190099, 1383190389, 290, sipm array spectra bckgrd 2500 V , , , , , , , , 
2307, 1383190975, 1383192961, 1986, sipm array ar/ethane 2500V x = 2.02 y =0.302 , , , , , , , , 
2308, 1383193012, 1383195930, 2918, sipm array ar/ethane 2500V x = 2.02 y =0.302 , , , , , , , , 
2309, 1383196889, 1383196935, 46, sipm array ar/ethane 2500V angle scattering , , , , , , , , 
2310, 1383197037, 1383236441, 39404, sipm array ar/ethane 2500V angle sca\ttering , , , , , , , , 
2311, 1383238099, 1383238134, 35, LaBr Detector on Drift tubes after 11hr run , , , , , , , , 
2312, 1383238476, 1383238572, 96, LaBr Detector on Drift tubes after 11hr run , , , , , , , , 
2313, 1383238625, 1383239221, 596, LaBr Detector on Drift tubes after 11hr run , , , , , , , , 
2314, 1383239365, 1383240019, 654, LaBr Detector on Drift tubes after 11hr run , , , , , , , , 
2315, 1383240122, 1383240684, 562, LaBr Detector on Drift tubes after 11hr run backgound , , , , , , , , 
2316, 1383240897, 1383241249, 352, LaBr Detector on Drift tubes after 11hr run co60 , , , , , , , , 
2317, 1383241654, 1383242637, 983, LaBr Detector on Drift tubes after 11hr run tube on floor , , , , , , , , 
2318, 1383242911, 1383243019, 108, Co60 on Top of scintillator array , , , , , , , , 
2319, 1383243166, 1383243536, 370, Co60 on Top of scintillator array , , , , , , , , 
2320, 1383249381, 1383249912, 531, Co60 on Top of scintillator array , , , , , , , , 
2321, 1383251105, 1383252458, 1353, Test of trigger input , , , , , , , , 
2322, 1383252530, 1383252619, 89, Test of trigger input , , , , , , , , 
2323, 1383252683, 1383252906, 223, Test of trigger input , , , , , , , , 
2324, 1383252911, 1383252954, 43, Test of trigger input , , , , , , , , 
2325, 1383253002, 1383253025, 23, Test of trigger input , , , , , , , , 
2326, 1383253059, 1383253098, 39, Test of trigger input , , , , , , , , 
2327, 1383253241, 1383253261, 20, Test of trigger input , , , , , , , , 
2328, 1383253311, 1383253341, 30, Test of trigger input , , , , , , , , 
2329, 1383253542, 1383253565, 23, Test of trigger input , , , , , , , , 
2330, 1383253598, 1383253615, 17, Test of trigger input , , , , , , , , 
2331, 1383253649, 1383253684, 35, Test of trigger input , , , , , , , , 
2332, 1383253748, 1383255469, 1721, Elena scint in position, shutter closed, leading edge trigger , , , , , , , , 
2333, 1383256052, 1383258378, 2326, Elena scint in position, shutter closed, leading edge trigger wall , , , , , , , , 
